Dec 09, 2023 11:29:46 AM assignment.ArticleParser logInvalidArticle
WARNING: Invalid Required Fields: Description 
Dec 09, 2023 11:29:46 AM assignment.ArticleParser logInvalidArticle
WARNING: Invalid Required Fields: Description 
Dec 09, 2023 11:29:46 AM assignment.ArticleParser logInvalidArticle
WARNING: Invalid Required Fields: Description 
Dec 09, 2023 11:29:46 AM assignment.ArticleParser logInvalidArticle
WARNING: Invalid Required Fields: Description 
Dec 09, 2023 11:29:46 AM assignment.ArticleParser logInvalidArticle
WARNING: Invalid Required Fields: Title Description Published At URL 
Dec 09, 2023 11:29:47 AM assignment.ArticleParser logInvalidArticle
WARNING: Invalid Required Fields: Description 
Dec 09, 2023 11:29:47 AM assignment.ArticleParser logInvalidArticle
WARNING: Invalid Required Fields: Description 
Dec 09, 2023 11:29:47 AM assignment.ArticleParser logInvalidArticle
WARNING: Invalid Required Fields: Description 
Dec 09, 2023 11:29:47 AM assignment.ArticleParser logInvalidArticle
WARNING: Invalid Required Fields: Title Description URL 
Dec 09, 2023 11:29:47 AM assignment.ArticleParser logInvalidArticle
WARNING: Invalid Required Fields: Title URL 
Dec 09, 2023 11:29:47 AM assignment.ArticleParser logInvalidArticle
WARNING: Invalid Required Fields: Description 
Dec 09, 2023 11:29:47 AM assignment.ArticleParser logInvalidArticle
WARNING: Invalid Required Fields: Description 
Dec 09, 2023 11:29:47 AM assignment.ArticleParser logInvalidArticle
WARNING: Invalid Required Fields: Description 
Dec 09, 2023 11:29:47 AM assignment.ArticleParser logInvalidArticle
WARNING: Invalid Required Fields: Description 
